[0.121s] DEBUG:colcon:Command line arguments: ['/usr/bin/colcon', 'build']
[0.121s] DEBUG:colcon:Parsed command line arguments: Namespace(log_base=None, log_level=None, verb_name='build', build_base='build', install_base='install', merge_install=False, symlink_install=False, test_result_base=None, continue_on_error=False, executor='parallel', parallel_workers=16, event_handlers=None, ignore_user_meta=False, metas=['./colcon.meta'], base_paths=['.'], packages_ignore=None, packages_ignore_regex=None, paths=None, packages_up_to=None, packages_up_to_regex=None, packages_above=None, packages_above_and_dependencies=None, packages_above_depth=None, packages_select_by_dep=None, packages_skip_by_dep=None, packages_skip_up_to=None, packages_select_build_failed=False, packages_skip_build_finished=False, packages_select_test_failures=False, packages_skip_test_passed=False, packages_select=None, packages_skip=None, packages_select_regex=None, packages_skip_regex=None, packages_start=None, packages_end=None, allow_overriding=[], cmake_args=None, cmake_target=None, cmake_target_skip_unavailable=False, cmake_clean_cache=False, cmake_clean_first=False, cmake_force_configure=False, ament_cmake_args=None, catkin_cmake_args=None, catkin_skip_building_tests=False, mixin_files=None, mixin=None, verb_parser=<colcon_mixin.mixin.mixin_argument.MixinArgumentDecorator object at 0x7bb6ce2d2d40>, verb_extension=<colcon_core.verb.build.BuildVerb object at 0x7bb6ce2d2740>, main=<bound method BuildVerb.main of <colcon_core.verb.build.BuildVerb object at 0x7bb6ce2d2740>>, mixin_verb=('build',))
[0.282s] Level 1:colcon.colcon_core.package_discovery:discover_packages(colcon_meta) check parameters
[0.283s] Level 1:colcon.colcon_core.package_discovery:discover_packages(recursive) check parameters
[0.283s] Level 1:colcon.colcon_core.package_discovery:discover_packages(ignore) check parameters
[0.283s] Level 1:colcon.colcon_core.package_discovery:discover_packages(path) check parameters
[0.283s] Level 1:colcon.colcon_core.package_discovery:discover_packages(colcon_meta) discover
[0.283s] Level 1:colcon.colcon_core.package_discovery:discover_packages(recursive) discover
[0.283s] INFO:colcon.colcon_core.package_discovery:Crawling recursively for packages in '/home/adji714/ros2_ws/src/pyroguard'
[0.283s] Level 1:colcon.colcon_core.package_identification:_identify(.) by extensions ['ignore', 'ignore_ament_install']
[0.283s] Level 1:colcon.colcon_core.package_identification:_identify(.) by extension 'ignore'
[0.283s] Level 1:colcon.colcon_core.package_identification:_identify(.) by extension 'ignore_ament_install'
[0.283s] Level 1:colcon.colcon_core.package_identification:_identify(.) by extensions ['colcon_pkg']
[0.283s] Level 1:colcon.colcon_core.package_identification:_identify(.) by extension 'colcon_pkg'
[0.283s] Level 1:colcon.colcon_core.package_identification:_identify(.) by extensions ['colcon_meta']
[0.283s] Level 1:colcon.colcon_core.package_identification:_identify(.) by extension 'colcon_meta'
[0.283s] Level 1:colcon.colcon_core.package_identification:_identify(.) by extensions ['ros']
[0.283s] Level 1:colcon.colcon_core.package_identification:_identify(.) by extension 'ros'
[0.298s] DEBUG:colcon.colcon_core.package_identification:Package '.' with type 'ros.ament_python' and name 'pyroguard'
[0.298s] Level 1:colcon.colcon_core.package_discovery:discover_packages(recursive) using defaults
[0.298s] Level 1:colcon.colcon_core.package_discovery:discover_packages(ignore) discover
[0.298s] Level 1:colcon.colcon_core.package_discovery:discover_packages(ignore) using defaults
[0.298s] Level 1:colcon.colcon_core.package_discovery:discover_packages(path) discover
[0.298s] Level 1:colcon.colcon_core.package_discovery:discover_packages(path) using defaults
[0.347s] Level 1:colcon.colcon_core.package_discovery:discover_packages(prefix_path) check parameters
[0.347s] Level 1:colcon.colcon_core.package_discovery:discover_packages(prefix_path) discover
[0.349s] DEBUG:colcon.colcon_installed_package_information.package_discovery:Found 2 installed packages in /home/adji714/ros2_ws/install
[0.351s] DEBUG:colcon.colcon_installed_package_information.package_discovery:Found 431 installed packages in /opt/ros/humble
[0.352s] Level 1:colcon.colcon_core.package_discovery:discover_packages(prefix_path) using defaults
[0.387s] Level 5:colcon.colcon_core.verb:set package 'pyroguard' build argument 'cmake_args' from command line to 'None'
[0.387s] Level 5:colcon.colcon_core.verb:set package 'pyroguard' build argument 'cmake_target' from command line to 'None'
[0.388s] Level 5:colcon.colcon_core.verb:set package 'pyroguard' build argument 'cmake_target_skip_unavailable' from command line to 'False'
[0.388s] Level 5:colcon.colcon_core.verb:set package 'pyroguard' build argument 'cmake_clean_cache' from command line to 'False'
[0.388s] Level 5:colcon.colcon_core.verb:set package 'pyroguard' build argument 'cmake_clean_first' from command line to 'False'
[0.388s] Level 5:colcon.colcon_core.verb:set package 'pyroguard' build argument 'cmake_force_configure' from command line to 'False'
[0.388s] Level 5:colcon.colcon_core.verb:set package 'pyroguard' build argument 'ament_cmake_args' from command line to 'None'
[0.388s] Level 5:colcon.colcon_core.verb:set package 'pyroguard' build argument 'catkin_cmake_args' from command line to 'None'
[0.388s] Level 5:colcon.colcon_core.verb:set package 'pyroguard' build argument 'catkin_skip_building_tests' from command line to 'False'
[0.388s] DEBUG:colcon.colcon_core.verb:Building package 'pyroguard' with the following arguments: {'ament_cmake_args': None, 'build_base': '/home/adji714/ros2_ws/src/pyroguard/build/pyroguard', 'catkin_cmake_args': None, 'catkin_skip_building_tests': False, 'cmake_args': None, 'cmake_clean_cache': False, 'cmake_clean_first': False, 'cmake_force_configure': False, 'cmake_target': None, 'cmake_target_skip_unavailable': False, 'install_base': '/home/adji714/ros2_ws/src/pyroguard/install/pyroguard', 'merge_install': False, 'path': '/home/adji714/ros2_ws/src/pyroguard', 'symlink_install': False, 'test_result_base': None}
[0.388s] INFO:colcon.colcon_core.executor:Executing jobs using 'parallel' executor
[0.389s] DEBUG:colcon.colcon_parallel_executor.executor.parallel:run_until_complete
[0.389s] INFO:colcon.colcon_ros.task.ament_python.build:Building ROS package in '/home/adji714/ros2_ws/src/pyroguard' with build type 'ament_python'
[0.389s] Level 1:colcon.colcon_core.shell:create_environment_hook('pyroguard', 'ament_prefix_path')
[0.392s] INFO:colcon.colcon_core.plugin_system:Skipping extension 'colcon_core.shell.bat': Not used on non-Windows systems
[0.392s] INFO:colcon.colcon_core.shell:Creating environment hook '/home/adji714/ros2_ws/src/pyroguard/install/pyroguard/share/pyroguard/hook/ament_prefix_path.ps1'
[0.393s] INFO:colcon.colcon_core.shell:Creating environment descriptor '/home/adji714/ros2_ws/src/pyroguard/install/pyroguard/share/pyroguard/hook/ament_prefix_path.dsv'
[0.393s] INFO:colcon.colcon_core.shell:Creating environment hook '/home/adji714/ros2_ws/src/pyroguard/install/pyroguard/share/pyroguard/hook/ament_prefix_path.sh'
[0.394s] INFO:colcon.colcon_core.shell:Skip shell extension 'powershell' for command environment: Not usable outside of PowerShell
[0.394s] DEBUG:colcon.colcon_core.shell:Skip shell extension 'dsv' for command environment
[0.612s] WARNING:colcon.colcon_ros.task.ament_python.build:Package 'pyroguard' doesn't explicitly install a marker in the package index (colcon-ros currently does it implicitly but that fallback will be removed in the future)
[0.612s] INFO:colcon.colcon_core.task.python.build:Building Python package in '/home/adji714/ros2_ws/src/pyroguard'
[0.613s] INFO:colcon.colcon_core.shell:Skip shell extension 'powershell' for command environment: Not usable outside of PowerShell
[0.613s] DEBUG:colcon.colcon_core.shell:Skip shell extension 'dsv' for command environment
[0.978s] DEBUG:colcon.colcon_core.event_handler.log_command:Invoking command in '/home/adji714/ros2_ws/src/pyroguard': PYTHONPATH=/home/adji714/ros2_ws/src/pyroguard/build/pyroguard/prefix_override:/usr/lib/python3/dist-packages/colcon_core/task/python/colcon_distutils_commands:/home/adji714/ros2_ws/src/pyroguard/install/pyroguard/lib/python3.10/site-packages:${PYTHONPATH} /usr/bin/python3 -W ignore:setup.py install is deprecated -W ignore:easy_install command is deprecated setup.py egg_info --egg-base build/pyroguard build --build-base /home/adji714/ros2_ws/src/pyroguard/build/pyroguard/build install --record /home/adji714/ros2_ws/src/pyroguard/build/pyroguard/install.log --single-version-externally-managed install_data
[1.235s] DEBUG:colcon.colcon_core.event_handler.log_command:Invoked command in '/home/adji714/ros2_ws/src/pyroguard' returned '0': PYTHONPATH=/home/adji714/ros2_ws/src/pyroguard/build/pyroguard/prefix_override:/usr/lib/python3/dist-packages/colcon_core/task/python/colcon_distutils_commands:/home/adji714/ros2_ws/src/pyroguard/install/pyroguard/lib/python3.10/site-packages:${PYTHONPATH} /usr/bin/python3 -W ignore:setup.py install is deprecated -W ignore:easy_install command is deprecated setup.py egg_info --egg-base build/pyroguard build --build-base /home/adji714/ros2_ws/src/pyroguard/build/pyroguard/build install --record /home/adji714/ros2_ws/src/pyroguard/build/pyroguard/install.log --single-version-externally-managed install_data
[1.237s] Level 1:colcon.colcon_core.environment:checking '/home/adji714/ros2_ws/src/pyroguard/install/pyroguard' for CMake module files
[1.237s] Level 1:colcon.colcon_core.environment:checking '/home/adji714/ros2_ws/src/pyroguard/install/pyroguard' for CMake config files
[1.238s] Level 1:colcon.colcon_core.environment:checking '/home/adji714/ros2_ws/src/pyroguard/install/pyroguard/lib'
[1.238s] Level 1:colcon.colcon_core.environment:checking '/home/adji714/ros2_ws/src/pyroguard/install/pyroguard/bin'
[1.238s] Level 1:colcon.colcon_core.environment:checking '/home/adji714/ros2_ws/src/pyroguard/install/pyroguard/lib/pkgconfig/pyroguard.pc'
[1.238s] Level 1:colcon.colcon_core.environment:checking '/home/adji714/ros2_ws/src/pyroguard/install/pyroguard/lib/python3.10/site-packages'
[1.238s] Level 1:colcon.colcon_core.shell:create_environment_hook('pyroguard', 'pythonpath')
[1.238s] INFO:colcon.colcon_core.shell:Creating environment hook '/home/adji714/ros2_ws/src/pyroguard/install/pyroguard/share/pyroguard/hook/pythonpath.ps1'
[1.238s] INFO:colcon.colcon_core.shell:Creating environment descriptor '/home/adji714/ros2_ws/src/pyroguard/install/pyroguard/share/pyroguard/hook/pythonpath.dsv'
[1.239s] INFO:colcon.colcon_core.shell:Creating environment hook '/home/adji714/ros2_ws/src/pyroguard/install/pyroguard/share/pyroguard/hook/pythonpath.sh'
[1.239s] Level 1:colcon.colcon_core.environment:checking '/home/adji714/ros2_ws/src/pyroguard/install/pyroguard/bin'
[1.239s] Level 1:colcon.colcon_core.environment:create_environment_scripts_only(pyroguard)
[1.239s] INFO:colcon.colcon_core.shell:Creating package script '/home/adji714/ros2_ws/src/pyroguard/install/pyroguard/share/pyroguard/package.ps1'
[1.240s] INFO:colcon.colcon_core.shell:Creating package descriptor '/home/adji714/ros2_ws/src/pyroguard/install/pyroguard/share/pyroguard/package.dsv'
[1.240s] INFO:colcon.colcon_core.shell:Creating package script '/home/adji714/ros2_ws/src/pyroguard/install/pyroguard/share/pyroguard/package.sh'
[1.240s] INFO:colcon.colcon_core.shell:Creating package script '/home/adji714/ros2_ws/src/pyroguard/install/pyroguard/share/pyroguard/package.bash'
[1.241s] INFO:colcon.colcon_core.shell:Creating package script '/home/adji714/ros2_ws/src/pyroguard/install/pyroguard/share/pyroguard/package.zsh'
[1.241s] Level 1:colcon.colcon_core.environment:create_file_with_runtime_dependencies(/home/adji714/ros2_ws/src/pyroguard/install/pyroguard/share/colcon-core/packages/pyroguard)
[1.241s] DEBUG:colcon.colcon_parallel_executor.executor.parallel:closing loop
[1.241s] DEBUG:colcon.colcon_parallel_executor.executor.parallel:loop closed
[1.241s] DEBUG:colcon.colcon_parallel_executor.executor.parallel:run_until_complete finished with '0'
[1.242s] DEBUG:colcon.colcon_core.event_reactor:joining thread
[1.245s] INFO:colcon.colcon_core.plugin_system:Skipping extension 'colcon_notification.desktop_notification.terminal_notifier': Not used on non-Darwin systems
[1.245s] INFO:colcon.colcon_core.plugin_system:Skipping extension 'colcon_notification.desktop_notification.win32': Not used on non-Windows systems
[1.246s] INFO:colcon.colcon_notification.desktop_notification:Sending desktop notification using 'notify2'
[1.263s] DEBUG:colcon.colcon_core.event_reactor:joined thread
[1.263s] INFO:colcon.colcon_core.shell:Creating prefix script '/home/adji714/ros2_ws/src/pyroguard/install/local_setup.ps1'
[1.264s] INFO:colcon.colcon_core.shell:Creating prefix util module '/home/adji714/ros2_ws/src/pyroguard/install/_local_setup_util_ps1.py'
[1.265s] INFO:colcon.colcon_core.shell:Creating prefix chain script '/home/adji714/ros2_ws/src/pyroguard/install/setup.ps1'
[1.266s] INFO:colcon.colcon_core.shell:Creating prefix script '/home/adji714/ros2_ws/src/pyroguard/install/local_setup.sh'
[1.266s] INFO:colcon.colcon_core.shell:Creating prefix util module '/home/adji714/ros2_ws/src/pyroguard/install/_local_setup_util_sh.py'
[1.266s] INFO:colcon.colcon_core.shell:Creating prefix chain script '/home/adji714/ros2_ws/src/pyroguard/install/setup.sh'
[1.267s] INFO:colcon.colcon_core.shell:Creating prefix script '/home/adji714/ros2_ws/src/pyroguard/install/local_setup.bash'
[1.267s] INFO:colcon.colcon_core.shell:Creating prefix chain script '/home/adji714/ros2_ws/src/pyroguard/install/setup.bash'
[1.268s] INFO:colcon.colcon_core.shell:Creating prefix script '/home/adji714/ros2_ws/src/pyroguard/install/local_setup.zsh'
[1.268s] INFO:colcon.colcon_core.shell:Creating prefix chain script '/home/adji714/ros2_ws/src/pyroguard/install/setup.zsh'
