/home/adji714/ros2_ws/src/pyroguard/install/pyroguard/lib/python3.10/site-packages/pyroguard/dqn_agent_node.py
/home/adji714/ros2_ws/src/pyroguard/install/pyroguard/lib/python3.10/site-packages/pyroguard/image_preprocessor.py
/home/adji714/ros2_ws/src/pyroguard/install/pyroguard/lib/python3.10/site-packages/pyroguard/fire_segmentation.py
/home/adji714/ros2_ws/src/pyroguard/install/pyroguard/lib/python3.10/site-packages/pyroguard/reward_publisher.py
/home/adji714/ros2_ws/src/pyroguard/install/pyroguard/lib/python3.10/site-packages/pyroguard/__init__.py
/home/adji714/ros2_ws/src/pyroguard/install/pyroguard/lib/python3.10/site-packages/pyroguard/dqn_agent.py
/home/adji714/ros2_ws/src/pyroguard/install/pyroguard/lib/python3.10/site-packages/pyroguard/fire_suppression_handler.py
/home/adji714/ros2_ws/src/pyroguard/install/pyroguard/lib/python3.10/site-packages/pyroguard/lidar_vla_processor.py
/home/adji714/ros2_ws/src/pyroguard/install/pyroguard/lib/python3.10/site-packages/pyroguard/__pycache__/dqn_agent_node.cpython-310.pyc
/home/adji714/ros2_ws/src/pyroguard/install/pyroguard/lib/python3.10/site-packages/pyroguard/__pycache__/image_preprocessor.cpython-310.pyc
/home/adji714/ros2_ws/src/pyroguard/install/pyroguard/lib/python3.10/site-packages/pyroguard/__pycache__/fire_segmentation.cpython-310.pyc
/home/adji714/ros2_ws/src/pyroguard/install/pyroguard/lib/python3.10/site-packages/pyroguard/__pycache__/reward_publisher.cpython-310.pyc
/home/adji714/ros2_ws/src/pyroguard/install/pyroguard/lib/python3.10/site-packages/pyroguard/__pycache__/__init__.cpython-310.pyc
/home/adji714/ros2_ws/src/pyroguard/install/pyroguard/lib/python3.10/site-packages/pyroguard/__pycache__/dqn_agent.cpython-310.pyc
/home/adji714/ros2_ws/src/pyroguard/install/pyroguard/lib/python3.10/site-packages/pyroguard/__pycache__/fire_suppression_handler.cpython-310.pyc
/home/adji714/ros2_ws/src/pyroguard/install/pyroguard/lib/python3.10/site-packages/pyroguard/__pycache__/lidar_vla_processor.cpython-310.pyc
/home/adji714/ros2_ws/src/pyroguard/install/pyroguard/share/pyroguard/package.xml
/home/adji714/ros2_ws/src/pyroguard/install/pyroguard/share/pyroguard/launch/turtlebot4_forest_world.launch.py
/home/adji714/ros2_ws/src/pyroguard/install/pyroguard/share/pyroguard/launch/dqn_agent.launch.py
/home/adji714/ros2_ws/src/pyroguard/install/pyroguard/share/pyroguard/models
/home/adji714/ros2_ws/src/pyroguard/install/pyroguard/share/pyroguard/worlds
/home/adji714/ros2_ws/src/pyroguard/install/pyroguard/share/pyroguard/worlds/textures/grass_seamless.jpg
/home/adji714/ros2_ws/src/pyroguard/install/pyroguard/share/pyroguard/worlds/textures/fire.png
/home/adji714/ros2_ws/src/pyroguard/install/pyroguard/share/pyroguard/worlds/textures/grass_plane.dae
/home/adji714/ros2_ws/src/pyroguard/install/pyroguard/share/pyroguard/worlds/textures/grass.jpg
/home/adji714/ros2_ws/src/pyroguard/install/pyroguard/share/pyroguard/worlds/textures/dirt_diffusespecular.png
/home/adji714/ros2_ws/src/pyroguard/install/pyroguard/share/pyroguard/worlds/textures/tree_simple_treetop.jpg
/home/adji714/ros2_ws/src/pyroguard/install/pyroguard/share/pyroguard/worlds/textures/tree_simple_trunk.jpg
/home/adji714/ros2_ws/src/pyroguard/install/pyroguard/lib/python3.10/site-packages/pyroguard-0.1.0-py3.10.egg-info/dependency_links.txt
/home/adji714/ros2_ws/src/pyroguard/install/pyroguard/lib/python3.10/site-packages/pyroguard-0.1.0-py3.10.egg-info/entry_points.txt
/home/adji714/ros2_ws/src/pyroguard/install/pyroguard/lib/python3.10/site-packages/pyroguard-0.1.0-py3.10.egg-info/top_level.txt
/home/adji714/ros2_ws/src/pyroguard/install/pyroguard/lib/python3.10/site-packages/pyroguard-0.1.0-py3.10.egg-info/requires.txt
/home/adji714/ros2_ws/src/pyroguard/install/pyroguard/lib/python3.10/site-packages/pyroguard-0.1.0-py3.10.egg-info/SOURCES.txt
/home/adji714/ros2_ws/src/pyroguard/install/pyroguard/lib/python3.10/site-packages/pyroguard-0.1.0-py3.10.egg-info/PKG-INFO
/home/adji714/ros2_ws/src/pyroguard/install/pyroguard/lib/python3.10/site-packages/pyroguard-0.1.0-py3.10.egg-info/zip-safe
/home/adji714/ros2_ws/src/pyroguard/install/pyroguard/lib/pyroguard/dqn_agent_node
/home/adji714/ros2_ws/src/pyroguard/install/pyroguard/lib/pyroguard/fire_segmentation_node
/home/adji714/ros2_ws/src/pyroguard/install/pyroguard/lib/pyroguard/fire_suppression_handler_node
/home/adji714/ros2_ws/src/pyroguard/install/pyroguard/lib/pyroguard/image_preprocessor_node
/home/adji714/ros2_ws/src/pyroguard/install/pyroguard/lib/pyroguard/lidar_vla_processor_node
/home/adji714/ros2_ws/src/pyroguard/install/pyroguard/lib/pyroguard/reward_publisher_node
