running egg_info
creating build/pyroguard/pyroguard.egg-info
writing build/pyroguard/pyroguard.egg-info/PKG-INFO
writing dependency_links to build/pyroguard/pyroguard.egg-info/dependency_links.txt
writing entry points to build/pyroguard/pyroguard.egg-info/entry_points.txt
writing requirements to build/pyroguard/pyroguard.egg-info/requires.txt
writing top-level names to build/pyroguard/pyroguard.egg-info/top_level.txt
writing manifest file 'build/pyroguard/pyroguard.egg-info/SOURCES.txt'
reading manifest file 'build/pyroguard/pyroguard.egg-info/SOURCES.txt'
writing manifest file 'build/pyroguard/pyroguard.egg-info/SOURCES.txt'
running build
running build_py
creating /home/adji714/ros2_ws/src/pyroguard/build/pyroguard/build
creating /home/adji714/ros2_ws/src/pyroguard/build/pyroguard/build/lib
creating /home/adji714/ros2_ws/src/pyroguard/build/pyroguard/build/lib/pyroguard
copying src/pyroguard/dqn_agent_node.py -> /home/adji714/ros2_ws/src/pyroguard/build/pyroguard/build/lib/pyroguard
copying src/pyroguard/image_preprocessor.py -> /home/adji714/ros2_ws/src/pyroguard/build/pyroguard/build/lib/pyroguard
copying src/pyroguard/fire_segmentation.py -> /home/adji714/ros2_ws/src/pyroguard/build/pyroguard/build/lib/pyroguard
copying src/pyroguard/reward_publisher.py -> /home/adji714/ros2_ws/src/pyroguard/build/pyroguard/build/lib/pyroguard
copying src/pyroguard/__init__.py -> /home/adji714/ros2_ws/src/pyroguard/build/pyroguard/build/lib/pyroguard
copying src/pyroguard/dqn_agent.py -> /home/adji714/ros2_ws/src/pyroguard/build/pyroguard/build/lib/pyroguard
copying src/pyroguard/fire_suppression_handler.py -> /home/adji714/ros2_ws/src/pyroguard/build/pyroguard/build/lib/pyroguard
copying src/pyroguard/lidar_vla_processor.py -> /home/adji714/ros2_ws/src/pyroguard/build/pyroguard/build/lib/pyroguard
running install
running install_lib
creating /home/adji714/ros2_ws/src/pyroguard/install/pyroguard/lib/python3.10/site-packages/pyroguard
copying /home/adji714/ros2_ws/src/pyroguard/build/pyroguard/build/lib/pyroguard/dqn_agent_node.py -> /home/adji714/ros2_ws/src/pyroguard/install/pyroguard/lib/python3.10/site-packages/pyroguard
copying /home/adji714/ros2_ws/src/pyroguard/build/pyroguard/build/lib/pyroguard/image_preprocessor.py -> /home/adji714/ros2_ws/src/pyroguard/install/pyroguard/lib/python3.10/site-packages/pyroguard
copying /home/adji714/ros2_ws/src/pyroguard/build/pyroguard/build/lib/pyroguard/fire_segmentation.py -> /home/adji714/ros2_ws/src/pyroguard/install/pyroguard/lib/python3.10/site-packages/pyroguard
copying /home/adji714/ros2_ws/src/pyroguard/build/pyroguard/build/lib/pyroguard/reward_publisher.py -> /home/adji714/ros2_ws/src/pyroguard/install/pyroguard/lib/python3.10/site-packages/pyroguard
copying /home/adji714/ros2_ws/src/pyroguard/build/pyroguard/build/lib/pyroguard/__init__.py -> /home/adji714/ros2_ws/src/pyroguard/install/pyroguard/lib/python3.10/site-packages/pyroguard
copying /home/adji714/ros2_ws/src/pyroguard/build/pyroguard/build/lib/pyroguard/dqn_agent.py -> /home/adji714/ros2_ws/src/pyroguard/install/pyroguard/lib/python3.10/site-packages/pyroguard
copying /home/adji714/ros2_ws/src/pyroguard/build/pyroguard/build/lib/pyroguard/fire_suppression_handler.py -> /home/adji714/ros2_ws/src/pyroguard/install/pyroguard/lib/python3.10/site-packages/pyroguard
copying /home/adji714/ros2_ws/src/pyroguard/build/pyroguard/build/lib/pyroguard/lidar_vla_processor.py -> /home/adji714/ros2_ws/src/pyroguard/install/pyroguard/lib/python3.10/site-packages/pyroguard
byte-compiling /home/adji714/ros2_ws/src/pyroguard/install/pyroguard/lib/python3.10/site-packages/pyroguard/dqn_agent_node.py to dqn_agent_node.cpython-310.pyc
byte-compiling /home/adji714/ros2_ws/src/pyroguard/install/pyroguard/lib/python3.10/site-packages/pyroguard/image_preprocessor.py to image_preprocessor.cpython-310.pyc
byte-compiling /home/adji714/ros2_ws/src/pyroguard/install/pyroguard/lib/python3.10/site-packages/pyroguard/fire_segmentation.py to fire_segmentation.cpython-310.pyc
byte-compiling /home/adji714/ros2_ws/src/pyroguard/install/pyroguard/lib/python3.10/site-packages/pyroguard/reward_publisher.py to reward_publisher.cpython-310.pyc
byte-compiling /home/adji714/ros2_ws/src/pyroguard/install/pyroguard/lib/python3.10/site-packages/pyroguard/__init__.py to __init__.cpython-310.pyc
byte-compiling /home/adji714/ros2_ws/src/pyroguard/install/pyroguard/lib/python3.10/site-packages/pyroguard/dqn_agent.py to dqn_agent.cpython-310.pyc
byte-compiling /home/adji714/ros2_ws/src/pyroguard/install/pyroguard/lib/python3.10/site-packages/pyroguard/fire_suppression_handler.py to fire_suppression_handler.cpython-310.pyc
byte-compiling /home/adji714/ros2_ws/src/pyroguard/install/pyroguard/lib/python3.10/site-packages/pyroguard/lidar_vla_processor.py to lidar_vla_processor.cpython-310.pyc
running install_data
copying package.xml -> /home/adji714/ros2_ws/src/pyroguard/install/pyroguard/share/pyroguard
creating /home/adji714/ros2_ws/src/pyroguard/install/pyroguard/share/pyroguard/launch
copying launch/turtlebot4_forest_world.launch.py -> /home/adji714/ros2_ws/src/pyroguard/install/pyroguard/share/pyroguard/launch
copying launch/dqn_agent.launch.py -> /home/adji714/ros2_ws/src/pyroguard/install/pyroguard/share/pyroguard/launch
creating /home/adji714/ros2_ws/src/pyroguard/install/pyroguard/share/pyroguard/models
creating /home/adji714/ros2_ws/src/pyroguard/install/pyroguard/share/pyroguard/worlds
creating /home/adji714/ros2_ws/src/pyroguard/install/pyroguard/share/pyroguard/worlds/textures
copying worlds/textures/grass_seamless.jpg -> /home/adji714/ros2_ws/src/pyroguard/install/pyroguard/share/pyroguard/worlds/textures
copying worlds/textures/fire.png -> /home/adji714/ros2_ws/src/pyroguard/install/pyroguard/share/pyroguard/worlds/textures
copying worlds/textures/grass_plane.dae -> /home/adji714/ros2_ws/src/pyroguard/install/pyroguard/share/pyroguard/worlds/textures
copying worlds/textures/grass.jpg -> /home/adji714/ros2_ws/src/pyroguard/install/pyroguard/share/pyroguard/worlds/textures
copying worlds/textures/dirt_diffusespecular.png -> /home/adji714/ros2_ws/src/pyroguard/install/pyroguard/share/pyroguard/worlds/textures
copying worlds/textures/tree_simple_treetop.jpg -> /home/adji714/ros2_ws/src/pyroguard/install/pyroguard/share/pyroguard/worlds/textures
copying worlds/textures/tree_simple_trunk.jpg -> /home/adji714/ros2_ws/src/pyroguard/install/pyroguard/share/pyroguard/worlds/textures
running install_egg_info
Copying build/pyroguard/pyroguard.egg-info to /home/adji714/ros2_ws/src/pyroguard/install/pyroguard/lib/python3.10/site-packages/pyroguard-0.1.0-py3.10.egg-info
running install_scripts
Installing dqn_agent_node script to /home/adji714/ros2_ws/src/pyroguard/install/pyroguard/lib/pyroguard
Installing fire_segmentation_node script to /home/adji714/ros2_ws/src/pyroguard/install/pyroguard/lib/pyroguard
Installing fire_suppression_handler_node script to /home/adji714/ros2_ws/src/pyroguard/install/pyroguard/lib/pyroguard
Installing image_preprocessor_node script to /home/adji714/ros2_ws/src/pyroguard/install/pyroguard/lib/pyroguard
Installing lidar_vla_processor_node script to /home/adji714/ros2_ws/src/pyroguard/install/pyroguard/lib/pyroguard
Installing reward_publisher_node script to /home/adji714/ros2_ws/src/pyroguard/install/pyroguard/lib/pyroguard
writing list of installed files to '/home/adji714/ros2_ws/src/pyroguard/build/pyroguard/install.log'
