[0.588s] Invoking command in '/home/adji714/ros2_ws/src/pyroguard': PYTHONPATH=/home/adji714/ros2_ws/src/pyroguard/build/pyroguard/prefix_override:/usr/lib/python3/dist-packages/colcon_core/task/python/colcon_distutils_commands:/home/adji714/ros2_ws/src/pyroguard/install/pyroguard/lib/python3.10/site-packages:${PYTHONPATH} /usr/bin/python3 -W ignore:setup.py install is deprecated -W ignore:easy_install command is deprecated setup.py egg_info --egg-base build/pyroguard build --build-base /home/adji714/ros2_ws/src/pyroguard/build/pyroguard/build install --record /home/adji714/ros2_ws/src/pyroguard/build/pyroguard/install.log --single-version-externally-managed install_data
[0.751s] running egg_info
[0.752s] creating build/pyroguard/pyroguard.egg-info
[0.752s] writing build/pyroguard/pyroguard.egg-info/PKG-INFO
[0.752s] writing dependency_links to build/pyroguard/pyroguard.egg-info/dependency_links.txt
[0.752s] writing entry points to build/pyroguard/pyroguard.egg-info/entry_points.txt
[0.752s] writing requirements to build/pyroguard/pyroguard.egg-info/requires.txt
[0.752s] writing top-level names to build/pyroguard/pyroguard.egg-info/top_level.txt
[0.752s] writing manifest file 'build/pyroguard/pyroguard.egg-info/SOURCES.txt'
[0.754s] reading manifest file 'build/pyroguard/pyroguard.egg-info/SOURCES.txt'
[0.754s] writing manifest file 'build/pyroguard/pyroguard.egg-info/SOURCES.txt'
[0.754s] running build
[0.754s] running build_py
[0.754s] creating /home/adji714/ros2_ws/src/pyroguard/build/pyroguard/build
[0.754s] creating /home/adji714/ros2_ws/src/pyroguard/build/pyroguard/build/lib
[0.754s] creating /home/adji714/ros2_ws/src/pyroguard/build/pyroguard/build/lib/pyroguard
[0.754s] copying src/pyroguard/dqn_agent_node.py -> /home/adji714/ros2_ws/src/pyroguard/build/pyroguard/build/lib/pyroguard
[0.754s] copying src/pyroguard/image_preprocessor.py -> /home/adji714/ros2_ws/src/pyroguard/build/pyroguard/build/lib/pyroguard
[0.754s] copying src/pyroguard/fire_segmentation.py -> /home/adji714/ros2_ws/src/pyroguard/build/pyroguard/build/lib/pyroguard
[0.754s] copying src/pyroguard/reward_publisher.py -> /home/adji714/ros2_ws/src/pyroguard/build/pyroguard/build/lib/pyroguard
[0.755s] copying src/pyroguard/__init__.py -> /home/adji714/ros2_ws/src/pyroguard/build/pyroguard/build/lib/pyroguard
[0.755s] copying src/pyroguard/dqn_agent.py -> /home/adji714/ros2_ws/src/pyroguard/build/pyroguard/build/lib/pyroguard
[0.755s] copying src/pyroguard/fire_suppression_handler.py -> /home/adji714/ros2_ws/src/pyroguard/build/pyroguard/build/lib/pyroguard
[0.755s] copying src/pyroguard/lidar_vla_processor.py -> /home/adji714/ros2_ws/src/pyroguard/build/pyroguard/build/lib/pyroguard
[0.755s] running install
[0.755s] running install_lib
[0.756s] creating /home/adji714/ros2_ws/src/pyroguard/install/pyroguard/lib/python3.10/site-packages/pyroguard
[0.756s] copying /home/adji714/ros2_ws/src/pyroguard/build/pyroguard/build/lib/pyroguard/dqn_agent_node.py -> /home/adji714/ros2_ws/src/pyroguard/install/pyroguard/lib/python3.10/site-packages/pyroguard
[0.756s] copying /home/adji714/ros2_ws/src/pyroguard/build/pyroguard/build/lib/pyroguard/image_preprocessor.py -> /home/adji714/ros2_ws/src/pyroguard/install/pyroguard/lib/python3.10/site-packages/pyroguard
[0.756s] copying /home/adji714/ros2_ws/src/pyroguard/build/pyroguard/build/lib/pyroguard/fire_segmentation.py -> /home/adji714/ros2_ws/src/pyroguard/install/pyroguard/lib/python3.10/site-packages/pyroguard
[0.756s] copying /home/adji714/ros2_ws/src/pyroguard/build/pyroguard/build/lib/pyroguard/reward_publisher.py -> /home/adji714/ros2_ws/src/pyroguard/install/pyroguard/lib/python3.10/site-packages/pyroguard
[0.756s] copying /home/adji714/ros2_ws/src/pyroguard/build/pyroguard/build/lib/pyroguard/__init__.py -> /home/adji714/ros2_ws/src/pyroguard/install/pyroguard/lib/python3.10/site-packages/pyroguard
[0.756s] copying /home/adji714/ros2_ws/src/pyroguard/build/pyroguard/build/lib/pyroguard/dqn_agent.py -> /home/adji714/ros2_ws/src/pyroguard/install/pyroguard/lib/python3.10/site-packages/pyroguard
[0.756s] copying /home/adji714/ros2_ws/src/pyroguard/build/pyroguard/build/lib/pyroguard/fire_suppression_handler.py -> /home/adji714/ros2_ws/src/pyroguard/install/pyroguard/lib/python3.10/site-packages/pyroguard
[0.756s] copying /home/adji714/ros2_ws/src/pyroguard/build/pyroguard/build/lib/pyroguard/lidar_vla_processor.py -> /home/adji714/ros2_ws/src/pyroguard/install/pyroguard/lib/python3.10/site-packages/pyroguard
[0.757s] byte-compiling /home/adji714/ros2_ws/src/pyroguard/install/pyroguard/lib/python3.10/site-packages/pyroguard/dqn_agent_node.py to dqn_agent_node.cpython-310.pyc
[0.759s] byte-compiling /home/adji714/ros2_ws/src/pyroguard/install/pyroguard/lib/python3.10/site-packages/pyroguard/image_preprocessor.py to image_preprocessor.cpython-310.pyc
[0.759s] byte-compiling /home/adji714/ros2_ws/src/pyroguard/install/pyroguard/lib/python3.10/site-packages/pyroguard/fire_segmentation.py to fire_segmentation.cpython-310.pyc
[0.759s] byte-compiling /home/adji714/ros2_ws/src/pyroguard/install/pyroguard/lib/python3.10/site-packages/pyroguard/reward_publisher.py to reward_publisher.cpython-310.pyc
[0.760s] byte-compiling /home/adji714/ros2_ws/src/pyroguard/install/pyroguard/lib/python3.10/site-packages/pyroguard/__init__.py to __init__.cpython-310.pyc
[0.760s] byte-compiling /home/adji714/ros2_ws/src/pyroguard/install/pyroguard/lib/python3.10/site-packages/pyroguard/dqn_agent.py to dqn_agent.cpython-310.pyc
[0.760s] byte-compiling /home/adji714/ros2_ws/src/pyroguard/install/pyroguard/lib/python3.10/site-packages/pyroguard/fire_suppression_handler.py to fire_suppression_handler.cpython-310.pyc
[0.761s] byte-compiling /home/adji714/ros2_ws/src/pyroguard/install/pyroguard/lib/python3.10/site-packages/pyroguard/lidar_vla_processor.py to lidar_vla_processor.cpython-310.pyc
[0.762s] running install_data
[0.762s] copying package.xml -> /home/adji714/ros2_ws/src/pyroguard/install/pyroguard/share/pyroguard
[0.762s] creating /home/adji714/ros2_ws/src/pyroguard/install/pyroguard/share/pyroguard/launch
[0.762s] copying launch/turtlebot4_forest_world.launch.py -> /home/adji714/ros2_ws/src/pyroguard/install/pyroguard/share/pyroguard/launch
[0.762s] copying launch/dqn_agent.launch.py -> /home/adji714/ros2_ws/src/pyroguard/install/pyroguard/share/pyroguard/launch
[0.762s] creating /home/adji714/ros2_ws/src/pyroguard/install/pyroguard/share/pyroguard/models
[0.762s] creating /home/adji714/ros2_ws/src/pyroguard/install/pyroguard/share/pyroguard/worlds
[0.762s] creating /home/adji714/ros2_ws/src/pyroguard/install/pyroguard/share/pyroguard/worlds/textures
[0.762s] copying worlds/textures/grass_seamless.jpg -> /home/adji714/ros2_ws/src/pyroguard/install/pyroguard/share/pyroguard/worlds/textures
[0.772s] copying worlds/textures/fire.png -> /home/adji714/ros2_ws/src/pyroguard/install/pyroguard/share/pyroguard/worlds/textures
[0.777s] copying worlds/textures/grass_plane.dae -> /home/adji714/ros2_ws/src/pyroguard/install/pyroguard/share/pyroguard/worlds/textures
[0.778s] copying worlds/textures/grass.jpg -> /home/adji714/ros2_ws/src/pyroguard/install/pyroguard/share/pyroguard/worlds/textures
[0.778s] copying worlds/textures/dirt_diffusespecular.png -> /home/adji714/ros2_ws/src/pyroguard/install/pyroguard/share/pyroguard/worlds/textures
[0.780s] copying worlds/textures/tree_simple_treetop.jpg -> /home/adji714/ros2_ws/src/pyroguard/install/pyroguard/share/pyroguard/worlds/textures
[0.780s] copying worlds/textures/tree_simple_trunk.jpg -> /home/adji714/ros2_ws/src/pyroguard/install/pyroguard/share/pyroguard/worlds/textures
[0.780s] running install_egg_info
[0.784s] Copying build/pyroguard/pyroguard.egg-info to /home/adji714/ros2_ws/src/pyroguard/install/pyroguard/lib/python3.10/site-packages/pyroguard-0.1.0-py3.10.egg-info
[0.784s] running install_scripts
[0.802s] Installing dqn_agent_node script to /home/adji714/ros2_ws/src/pyroguard/install/pyroguard/lib/pyroguard
[0.802s] Installing fire_segmentation_node script to /home/adji714/ros2_ws/src/pyroguard/install/pyroguard/lib/pyroguard
[0.802s] Installing fire_suppression_handler_node script to /home/adji714/ros2_ws/src/pyroguard/install/pyroguard/lib/pyroguard
[0.802s] Installing image_preprocessor_node script to /home/adji714/ros2_ws/src/pyroguard/install/pyroguard/lib/pyroguard
[0.802s] Installing lidar_vla_processor_node script to /home/adji714/ros2_ws/src/pyroguard/install/pyroguard/lib/pyroguard
[0.802s] Installing reward_publisher_node script to /home/adji714/ros2_ws/src/pyroguard/install/pyroguard/lib/pyroguard
[0.802s] writing list of installed files to '/home/adji714/ros2_ws/src/pyroguard/build/pyroguard/install.log'
[0.845s] Invoked command in '/home/adji714/ros2_ws/src/pyroguard' returned '0': PYTHONPATH=/home/adji714/ros2_ws/src/pyroguard/build/pyroguard/prefix_override:/usr/lib/python3/dist-packages/colcon_core/task/python/colcon_distutils_commands:/home/adji714/ros2_ws/src/pyroguard/install/pyroguard/lib/python3.10/site-packages:${PYTHONPATH} /usr/bin/python3 -W ignore:setup.py install is deprecated -W ignore:easy_install command is deprecated setup.py egg_info --egg-base build/pyroguard build --build-base /home/adji714/ros2_ws/src/pyroguard/build/pyroguard/build install --record /home/adji714/ros2_ws/src/pyroguard/build/pyroguard/install.log --single-version-externally-managed install_data
